<?xml version="1.0" encoding="UTF-8"?>
<!-- Generated by org.testng.reporters.JUnitReportReporter -->
<testsuite hostname="TRNROOM10-29" name="com.qa.hubspot.tests.HomePageTest" tests="2" failures="0" timestamp="20 Sep 2019 12:51:27 GMT" time="21.456" errors="0">
  <testcase name="shopByCategoryclickTest" time="12.292" classname="com.qa.hubspot.tests.HomePageTest"/>
  <testcase name="assertionsAndVerifyKindleTest" time="9.164" classname="com.qa.hubspot.tests.HomePageTest"/>
</testsuite> <!-- com.qa.hubspot.tests.HomePageTest -->
