<?xml version="1.0" encoding="UTF-8"?>
<!-- Generated by org.testng.reporters.JUnitReportReporter -->
<testsuite hostname="TRNROOM10-29" name="com.amazon.setup.NewTest" tests="1" failures="0" timestamp="16 Sep 2019 14:32:08 GMT" time="10.018" errors="0">
  <testcase name="startServer" time="10.018" classname="com.amazon.setup.NewTest"/>
</testsuite> <!-- com.amazon.setup.NewTest -->
