<?xml version="1.0" encoding="UTF-8"?>
<!-- Generated by org.testng.reporters.JUnitReportReporter -->
<testsuite hostname="TRNROOM10-29" name="com.qa.amazon.tests.HomePageTest" tests="2" failures="0" timestamp="20 Sep 2019 14:59:44 GMT" time="18.808" errors="0">
  <testcase name="assertionsAndVerifyKindleTest" time="14.547" classname="com.qa.amazon.tests.HomePageTest"/>
  <testcase name="shopByCategoryclickTest" time="4.261" classname="com.qa.amazon.tests.HomePageTest"/>
</testsuite> <!-- com.qa.amazon.tests.HomePageTest -->
