<?xml version="1.0" encoding="UTF-8"?>
<!-- Generated by org.testng.reporters.JUnitReportReporter -->
<testsuite hostname="TRNROOM10-29" name="com.amazon.executor.TestExecutor" tests="1" failures="0" timestamp="20 Sep 2019 07:58:48 GMT" time="17.525" errors="0">
  <testcase name="testLandingPAndShopByCatgoryage" time="17.525" classname="com.amazon.executor.TestExecutor"/>
</testsuite> <!-- com.amazon.executor.TestExecutor -->
