<?xml version="1.0" encoding="UTF-8"?>
<!-- Generated by org.testng.reporters.JUnitReportReporter -->
<testsuite hostname="TRNROOM10-29" name="com.qa.amazon.tests.VerifyKindleTest" tests="2" failures="0" timestamp="20 Sep 2019 15:48:30 GMT" time="25.970" errors="0">
  <testcase name="shopByCategoryclickTest" time="9.453" classname="com.qa.amazon.tests.VerifyKindleTest"/>
  <testcase name="verifyKindleTest" time="16.517" classname="com.qa.amazon.tests.VerifyKindleTest"/>
</testsuite> <!-- com.qa.amazon.tests.VerifyKindleTest -->
